<?xml version="1.0" encoding="UTF-8"?>
<testsuite xmlns:xsi="http://www.w3.org/2001/XMLSchema-instance" xsi:noNamespaceSchemaLocation="https://maven.apache.org/surefire/maven-surefire-plugin/xsd/surefire-test-report-3.0.xsd" version="3.0" name="runners.TestRunner" time="1.718" tests="1" errors="0" skipped="0" failures="0">
  <properties>
[...]
</properties>
  <testcase name="Fetch property rates list" classname="Properties Rates GraphQL API" time="1.315">
    <system-out><![CDATA[
Scenario: Fetch property rates list   &amp#27;[90m# src/test/resources/features/propertiesRates.feature:3&amp#27;[0m
  &amp#27;[32mWhen &amp#27;[0m&amp#27;[32mUser hits properties rates API&amp#27;[0m &amp#27;[90m# stepdefinitions.PropertiesSteps.callAPI()&amp#27;[0m
  &amp#27;[32mThen &amp#27;[0m&amp#27;[32mStatus should be &amp#27;[0m&amp#27;[32m&amp#27;[1m200&amp#27;[0m           &amp#27;[90m# stepdefinitions.PropertiesSteps.validateStatus(int)&amp#27;[0m
]]></system-out>
  </testcase>
</testsuite>